-- The C compiler identification is GNU 11.4.0
-- The CXX compiler identification is GNU 11.4.0
-- Detecting C compiler ABI info
-- Detecting C compiler ABI info - done
-- Check for working C compiler: /usr/bin/cc - skipped
-- Detecting C compile features
-- Detecting C compile features - done
-- Detecting CXX compiler ABI info
-- Detecting CXX compiler ABI info - done
-- Check for working CXX compiler: /usr/bin/c++ - skipped
-- Detecting CXX compile features
-- Detecting CXX compile features - done
-- Found ament_cmake: 1.3.12 (/home/pranavmintri/ros2_humble/install/ament_cmake/share/ament_cmake/cmake)
-- Found Python3: /usr/bin/python3 (found version "3.10.12") found components: Interpreter 
-- Override CMake install command with custom implementation using symlinks instead of copying resources
-- Found ament_lint_auto: 0.12.14 (/home/pranavmintri/ros2_humble/install/ament_lint_auto/share/ament_lint_auto/cmake)
-- Found rosidl_default_generators: 1.2.0 (/home/pranavmintri/ros2_humble/install/rosidl_default_generators/share/rosidl_default_generators/cmake)
-- Using all available rosidl_typesupport_c: rosidl_typesupport_fastrtps_c;rosidl_typesupport_introspection_c
-- Found rosidl_adapter: 3.1.7 (/home/pranavmintri/ros2_humble/install/rosidl_adapter/share/rosidl_adapter/cmake)
-- Using all available rosidl_typesupport_cpp: rosidl_typesupport_fastrtps_cpp;rosidl_typesupport_introspection_cpp
-- Found sensor_msgs: 4.9.0 (/home/pranavmintri/ros2_humble/install/sensor_msgs/share/sensor_msgs/cmake)
-- Found ament_cmake_ros: 0.10.0 (/home/pranavmintri/ros2_humble/install/ament_cmake_ros/share/ament_cmake_ros/cmake)
-- Using all available rosidl_typesupport_c: rosidl_typesupport_fastrtps_c;rosidl_typesupport_introspection_c
-- Using all available rosidl_typesupport_cpp: rosidl_typesupport_fastrtps_cpp;rosidl_typesupport_introspection_cpp
-- Found PythonInterp: /usr/bin/python3 (found suitable version "3.10.12", minimum required is "3.6") 
-- Found python_cmake_module: 0.10.0 (/home/pranavmintri/ros2_humble/install/python_cmake_module/share/python_cmake_module/cmake)
-- Found PythonLibs: /usr/lib/x86_64-linux-gnu/libpython3.10.so (found suitable version "3.10.12", minimum required is "3.5") 
-- Using PYTHON_EXECUTABLE: /usr/bin/python3
-- Using PYTHON_INCLUDE_DIRS: /usr/include/python3.10
-- Using PYTHON_LIBRARIES: /usr/lib/x86_64-linux-gnu/libpython3.10.so
-- Found PythonExtra: .so  
-- Added test 'cppcheck' to perform static code analysis on C / C++ code
-- Configured cppcheck include dirs: $<BUILD_INTERFACE:/home/pranavmintri/mt_ws/src/aruco_interface/build/aruco_interface/rosidl_generator_c>;$<BUILD_INTERFACE:/home/pranavmintri/mt_ws/src/aruco_interface/build/aruco_interface/rosidl_typesupport_fastrtps_c>;$<BUILD_INTERFACE:/home/pranavmintri/mt_ws/src/aruco_interface/build/aruco_interface/rosidl_typesupport_introspection_c>;$<BUILD_INTERFACE:/home/pranavmintri/mt_ws/src/aruco_interface/build/aruco_interface/rosidl_generator_cpp>;$<BUILD_INTERFACE:/home/pranavmintri/mt_ws/src/aruco_interface/build/aruco_interface/rosidl_typesupport_fastrtps_cpp>;$<BUILD_INTERFACE:/home/pranavmintri/mt_ws/src/aruco_interface/build/aruco_interface/rosidl_typesupport_introspection_cpp>;/home/pranavmintri/mt_ws/src/aruco_interface/build/aruco_interface/rosidl_generator_c;/home/pranavmintri/mt_ws/src/aruco_interface/build/aruco_interface/rosidl_generator_py
-- Configured cppcheck exclude dirs and/or files: 
-- Added test 'flake8' to check Python code syntax and style conventions
-- Added test 'lint_cmake' to check CMake code style
-- Added test 'pep257' to check Python code against some of the docstring style conventions in PEP 257
-- Added test 'uncrustify' to check C / C++ code style
-- Configured uncrustify additional arguments: 
-- Added test 'xmllint' to check XML markup files
-- Configuring done
-- Generating done
-- Build files have been written to: /home/pranavmintri/mt_ws/src/aruco_interface/build/aruco_interface
[  2%] [34m[1mGenerating C code for ROS interfaces[0m
[  5%] [34m[1mGenerating C++ code for ROS interfaces[0m
[  5%] Built target ament_cmake_python_symlink_aruco_interface
running egg_info
creating aruco_interface.egg-info
writing aruco_interface.egg-info/PKG-INFO
writing dependency_links to aruco_interface.egg-info/dependency_links.txt
writing top-level names to aruco_interface.egg-info/top_level.txt
writing manifest file 'aruco_interface.egg-info/SOURCES.txt'
reading manifest file 'aruco_interface.egg-info/SOURCES.txt'
writing manifest file 'aruco_interface.egg-info/SOURCES.txt'
[  5%] Built target aruco_interface__cpp
[ 10%] [32mBuilding C object CMakeFiles/aruco_interface__rosidl_generator_c.dir/rosidl_generator_c/aruco_interface/srv/detail/send_image__functions.c.o[0m
[ 10%] [32mBuilding C object CMakeFiles/aruco_interface__rosidl_generator_c.dir/rosidl_generator_c/aruco_interface/msg/detail/bounding_box__functions.c.o[0m
[ 10%] Built target ament_cmake_python_build_aruco_interface_egg
[ 12%] [34m[1mGenerating C++ introspection for ROS interfaces[0m
[ 15%] [34m[1mGenerating C++ type support dispatch for ROS interfaces[0m
[ 17%] [34m[1mGenerating C++ type support for eProsima Fast-RTPS[0m
[ 20%] [32m[1mLinking C shared library libaruco_interface__rosidl_generator_c.so[0m
[ 20%] Built target aruco_interface__rosidl_generator_c
[ 23%] [34m[1mGenerating C type support dispatch for ROS interfaces[0m
[ 25%] [34m[1mGenerating C introspection for ROS interfaces[0m
[ 28%] [34m[1mGenerating C type support for eProsima Fast-RTPS[0m
[ 30%] [32mBuilding CXX object CMakeFiles/aruco_interface__rosidl_typesupport_cpp.dir/rosidl_typesupport_cpp/aruco_interface/msg/bounding_box__type_support.cpp.o[0m
[ 33%] [32mBuilding CXX object CMakeFiles/aruco_interface__rosidl_typesupport_cpp.dir/rosidl_typesupport_cpp/aruco_interface/srv/send_image__type_support.cpp.o[0m
[ 38%] [32mBuilding CXX object CMakeFiles/aruco_interface__rosidl_typesupport_fastrtps_cpp.dir/rosidl_typesupport_fastrtps_cpp/aruco_interface/msg/detail/dds_fastrtps/bounding_box__type_support.cpp.o[0m
[ 38%] [32mBuilding CXX object CMakeFiles/aruco_interface__rosidl_typesupport_fastrtps_cpp.dir/rosidl_typesupport_fastrtps_cpp/aruco_interface/srv/detail/dds_fastrtps/send_image__type_support.cpp.o[0m
[ 41%] [32mBuilding CXX object CMakeFiles/aruco_interface__rosidl_typesupport_introspection_cpp.dir/rosidl_typesupport_introspection_cpp/aruco_interface/msg/detail/bounding_box__type_support.cpp.o[0m
[ 43%] [32mBuilding CXX object CMakeFiles/aruco_interface__rosidl_typesupport_c.dir/rosidl_typesupport_c/aruco_interface/msg/bounding_box__type_support.cpp.o[0m
[ 46%] [32mBuilding C object CMakeFiles/aruco_interface__rosidl_typesupport_introspection_c.dir/rosidl_typesupport_introspection_c/aruco_interface/msg/detail/bounding_box__type_support.c.o[0m
[ 48%] [32mBuilding CXX object CMakeFiles/aruco_interface__rosidl_typesupport_fastrtps_c.dir/rosidl_typesupport_fastrtps_c/aruco_interface/msg/detail/bounding_box__type_support_c.cpp.o[0m
[ 56%] [32m[1mLinking CXX shared library libaruco_interface__rosidl_typesupport_cpp.so[0m
[ 56%] [32mBuilding CXX object CMakeFiles/aruco_interface__rosidl_typesupport_c.dir/rosidl_typesupport_c/aruco_interface/srv/send_image__type_support.cpp.o[0m
[ 58%] [32mBuilding C object CMakeFiles/aruco_interface__rosidl_typesupport_introspection_c.dir/rosidl_typesupport_introspection_c/aruco_interface/srv/detail/send_image__type_support.c.o[0m
[ 58%] [32mBuilding CXX object CMakeFiles/aruco_interface__rosidl_typesupport_fastrtps_c.dir/rosidl_typesupport_fastrtps_c/aruco_interface/srv/detail/send_image__type_support_c.cpp.o[0m
[ 61%] [32m[1mLinking CXX shared library libaruco_interface__rosidl_typesupport_c.so[0m
[ 64%] [32mBuilding CXX object CMakeFiles/aruco_interface__rosidl_typesupport_introspection_cpp.dir/rosidl_typesupport_introspection_cpp/aruco_interface/srv/detail/send_image__type_support.cpp.o[0m
[ 64%] Built target aruco_interface__rosidl_typesupport_cpp
[ 66%] [32m[1mLinking C shared library libaruco_interface__rosidl_typesupport_introspection_c.so[0m
[ 66%] Built target aruco_interface__rosidl_typesupport_c
[ 69%] [32m[1mLinking CXX shared library libaruco_interface__rosidl_typesupport_fastrtps_cpp.so[0m
[ 69%] Built target aruco_interface__rosidl_typesupport_introspection_c
[ 69%] Built target aruco_interface__rosidl_typesupport_fastrtps_cpp
[ 71%] [32m[1mLinking CXX shared library libaruco_interface__rosidl_typesupport_fastrtps_c.so[0m
[ 71%] Built target aruco_interface__rosidl_typesupport_fastrtps_c
[ 74%] [32m[1mLinking CXX shared library libaruco_interface__rosidl_typesupport_introspection_cpp.so[0m
[ 74%] Built target aruco_interface__rosidl_typesupport_introspection_cpp
[ 74%] Built target aruco_interface
[ 76%] [34m[1mGenerating Python code for ROS interfaces[0m
[ 76%] Built target aruco_interface__py
[ 82%] [32mBuilding C object CMakeFiles/aruco_interface__rosidl_generator_py.dir/rosidl_generator_py/aruco_interface/msg/_bounding_box_s.c.o[0m
[ 82%] [32mBuilding C object CMakeFiles/aruco_interface__rosidl_generator_py.dir/rosidl_generator_py/aruco_interface/srv/_send_image_s.c.o[0m
[ 84%] [32m[1mLinking C shared library rosidl_generator_py/aruco_interface/libaruco_interface__rosidl_generator_py.so[0m
[ 84%] Built target aruco_interface__rosidl_generator_py
[ 89%] [32mBuilding C object CMakeFiles/aruco_interface__rosidl_typesupport_c__pyext.dir/rosidl_generator_py/aruco_interface/_aruco_interface_s.ep.rosidl_typesupport_c.c.o[0m
[ 89%] [32mBuilding C object CMakeFiles/aruco_interface__rosidl_typesupport_fastrtps_c__pyext.dir/rosidl_generator_py/aruco_interface/_aruco_interface_s.ep.rosidl_typesupport_fastrtps_c.c.o[0m
[ 92%] [32mBuilding C object CMakeFiles/aruco_interface__rosidl_typesupport_introspection_c__pyext.dir/rosidl_generator_py/aruco_interface/_aruco_interface_s.ep.rosidl_typesupport_introspection_c.c.o[0m
[ 97%] [32m[1mLinking C shared library rosidl_generator_py/aruco_interface/aruco_interface_s__rosidl_typesupport_introspection_c.cpython-310-x86_64-linux-gnu.so[0m
[ 97%] [32m[1mLinking C shared library rosidl_generator_py/aruco_interface/aruco_interface_s__rosidl_typesupport_fastrtps_c.cpython-310-x86_64-linux-gnu.so[0m
[100%] [32m[1mLinking C shared library rosidl_generator_py/aruco_interface/aruco_interface_s__rosidl_typesupport_c.cpython-310-x86_64-linux-gnu.so[0m
[100%] Built target aruco_interface__rosidl_typesupport_fastrtps_c__pyext
[100%] Built target aruco_interface__rosidl_typesupport_introspection_c__pyext
[100%] Built target aruco_interface__rosidl_typesupport_c__pyext
-- Install configuration: ""
-- Execute custom install script
-- Symlinking: /home/pranavmintri/mt_ws/src/aruco_interface/install/aruco_interface/share/ament_index/resource_index/rosidl_interfaces/aruco_interface
-- Symlinking: /home/pranavmintri/mt_ws/src/aruco_interface/install/aruco_interface/include/aruco_interface/aruco_interface/msg/bounding_box.h
-- Symlinking: /home/pranavmintri/mt_ws/src/aruco_interface/install/aruco_interface/include/aruco_interface/aruco_interface/msg/detail/bounding_box__functions.h
-- Symlinking: /home/pranavmintri/mt_ws/src/aruco_interface/install/aruco_interface/include/aruco_interface/aruco_interface/msg/detail/bounding_box__struct.h
-- Symlinking: /home/pranavmintri/mt_ws/src/aruco_interface/install/aruco_interface/include/aruco_interface/aruco_interface/msg/detail/bounding_box__type_support.h
-- Symlinking: /home/pranavmintri/mt_ws/src/aruco_interface/install/aruco_interface/include/aruco_interface/aruco_interface/msg/rosidl_generator_c__visibility_control.h
-- Symlinking: /home/pranavmintri/mt_ws/src/aruco_interface/install/aruco_interface/include/aruco_interface/aruco_interface/srv/detail/send_image__functions.h
-- Symlinking: /home/pranavmintri/mt_ws/src/aruco_interface/install/aruco_interface/include/aruco_interface/aruco_interface/srv/detail/send_image__struct.h
-- Symlinking: /home/pranavmintri/mt_ws/src/aruco_interface/install/aruco_interface/include/aruco_interface/aruco_interface/srv/detail/send_image__type_support.h
-- Symlinking: /home/pranavmintri/mt_ws/src/aruco_interface/install/aruco_interface/include/aruco_interface/aruco_interface/srv/send_image.h
-- Symlinking: /home/pranavmintri/mt_ws/src/aruco_interface/install/aruco_interface/share/aruco_interface/environment/library_path.sh
-- Symlinking: /home/pranavmintri/mt_ws/src/aruco_interface/install/aruco_interface/share/aruco_interface/environment/library_path.dsv
-- Symlinking: /home/pranavmintri/mt_ws/src/aruco_interface/install/aruco_interface/include/aruco_interface/aruco_interface/msg/detail/bounding_box__rosidl_typesupport_fastrtps_c.h
-- Symlinking: /home/pranavmintri/mt_ws/src/aruco_interface/install/aruco_interface/include/aruco_interface/aruco_interface/msg/rosidl_typesupport_fastrtps_c__visibility_control.h
-- Symlinking: /home/pranavmintri/mt_ws/src/aruco_interface/install/aruco_interface/include/aruco_interface/aruco_interface/srv/detail/send_image__rosidl_typesupport_fastrtps_c.h
-- Symlinking: /home/pranavmintri/mt_ws/src/aruco_interface/install/aruco_interface/include/aruco_interface/aruco_interface/msg/detail/bounding_box__rosidl_typesupport_introspection_c.h
-- Symlinking: /home/pranavmintri/mt_ws/src/aruco_interface/install/aruco_interface/include/aruco_interface/aruco_interface/msg/rosidl_typesupport_introspection_c__visibility_control.h
-- Symlinking: /home/pranavmintri/mt_ws/src/aruco_interface/install/aruco_interface/include/aruco_interface/aruco_interface/srv/detail/send_image__rosidl_typesupport_introspection_c.h
-- Symlinking: /home/pranavmintri/mt_ws/src/aruco_interface/install/aruco_interface/include/aruco_interface/aruco_interface/msg/bounding_box.hpp
-- Symlinking: /home/pranavmintri/mt_ws/src/aruco_interface/install/aruco_interface/include/aruco_interface/aruco_interface/msg/detail/bounding_box__builder.hpp
-- Symlinking: /home/pranavmintri/mt_ws/src/aruco_interface/install/aruco_interface/include/aruco_interface/aruco_interface/msg/detail/bounding_box__struct.hpp
-- Symlinking: /home/pranavmintri/mt_ws/src/aruco_interface/install/aruco_interface/include/aruco_interface/aruco_interface/msg/detail/bounding_box__traits.hpp
-- Symlinking: /home/pranavmintri/mt_ws/src/aruco_interface/install/aruco_interface/include/aruco_interface/aruco_interface/msg/detail/bounding_box__type_support.hpp
-- Symlinking: /home/pranavmintri/mt_ws/src/aruco_interface/install/aruco_interface/include/aruco_interface/aruco_interface/msg/rosidl_generator_cpp__visibility_control.hpp
-- Symlinking: /home/pranavmintri/mt_ws/src/aruco_interface/install/aruco_interface/include/aruco_interface/aruco_interface/srv/detail/send_image__builder.hpp
-- Symlinking: /home/pranavmintri/mt_ws/src/aruco_interface/install/aruco_interface/include/aruco_interface/aruco_interface/srv/detail/send_image__struct.hpp
-- Symlinking: /home/pranavmintri/mt_ws/src/aruco_interface/install/aruco_interface/include/aruco_interface/aruco_interface/srv/detail/send_image__traits.hpp
-- Symlinking: /home/pranavmintri/mt_ws/src/aruco_interface/install/aruco_interface/include/aruco_interface/aruco_interface/srv/detail/send_image__type_support.hpp
-- Symlinking: /home/pranavmintri/mt_ws/src/aruco_interface/install/aruco_interface/include/aruco_interface/aruco_interface/srv/send_image.hpp
-- Symlinking: /home/pranavmintri/mt_ws/src/aruco_interface/install/aruco_interface/include/aruco_interface/aruco_interface/msg/detail/bounding_box__rosidl_typesupport_fastrtps_cpp.hpp
-- Symlinking: /home/pranavmintri/mt_ws/src/aruco_interface/install/aruco_interface/include/aruco_interface/aruco_interface/msg/rosidl_typesupport_fastrtps_cpp__visibility_control.h
-- Symlinking: /home/pranavmintri/mt_ws/src/aruco_interface/install/aruco_interface/include/aruco_interface/aruco_interface/srv/detail/send_image__rosidl_typesupport_fastrtps_cpp.hpp
-- Symlinking: /home/pranavmintri/mt_ws/src/aruco_interface/install/aruco_interface/include/aruco_interface/aruco_interface/msg/detail/bounding_box__rosidl_typesupport_introspection_cpp.hpp
-- Symlinking: /home/pranavmintri/mt_ws/src/aruco_interface/install/aruco_interface/include/aruco_interface/aruco_interface/srv/detail/send_image__rosidl_typesupport_introspection_cpp.hpp
-- Symlinking: /home/pranavmintri/mt_ws/src/aruco_interface/install/aruco_interface/share/aruco_interface/environment/pythonpath.sh
-- Symlinking: /home/pranavmintri/mt_ws/src/aruco_interface/install/aruco_interface/share/aruco_interface/environment/pythonpath.dsv
-- Symlinking: /home/pranavmintri/mt_ws/src/aruco_interface/install/aruco_interface/local/lib/python3.10/dist-packages/aruco_interface-0.0.0-py3.10.egg-info/PKG-INFO
-- Symlinking: /home/pranavmintri/mt_ws/src/aruco_interface/install/aruco_interface/local/lib/python3.10/dist-packages/aruco_interface-0.0.0-py3.10.egg-info/SOURCES.txt
-- Symlinking: /home/pranavmintri/mt_ws/src/aruco_interface/install/aruco_interface/local/lib/python3.10/dist-packages/aruco_interface-0.0.0-py3.10.egg-info/dependency_links.txt
-- Symlinking: /home/pranavmintri/mt_ws/src/aruco_interface/install/aruco_interface/local/lib/python3.10/dist-packages/aruco_interface-0.0.0-py3.10.egg-info/top_level.txt
-- Symlinking: /home/pranavmintri/mt_ws/src/aruco_interface/install/aruco_interface/local/lib/python3.10/dist-packages/aruco_interface/__init__.py
-- Symlinking: /home/pranavmintri/mt_ws/src/aruco_interface/install/aruco_interface/local/lib/python3.10/dist-packages/aruco_interface/_aruco_interface_s.ep.rosidl_typesupport_c.c
-- Symlinking: /home/pranavmintri/mt_ws/src/aruco_interface/install/aruco_interface/local/lib/python3.10/dist-packages/aruco_interface/_aruco_interface_s.ep.rosidl_typesupport_fastrtps_c.c
-- Symlinking: /home/pranavmintri/mt_ws/src/aruco_interface/install/aruco_interface/local/lib/python3.10/dist-packages/aruco_interface/_aruco_interface_s.ep.rosidl_typesupport_introspection_c.c
-- Symlinking: /home/pranavmintri/mt_ws/src/aruco_interface/install/aruco_interface/local/lib/python3.10/dist-packages/aruco_interface/aruco_interface_s__rosidl_typesupport_c.cpython-310-x86_64-linux-gnu.so
-- Symlinking: /home/pranavmintri/mt_ws/src/aruco_interface/install/aruco_interface/local/lib/python3.10/dist-packages/aruco_interface/aruco_interface_s__rosidl_typesupport_fastrtps_c.cpython-310-x86_64-linux-gnu.so
-- Symlinking: /home/pranavmintri/mt_ws/src/aruco_interface/install/aruco_interface/local/lib/python3.10/dist-packages/aruco_interface/aruco_interface_s__rosidl_typesupport_introspection_c.cpython-310-x86_64-linux-gnu.so
-- Symlinking: /home/pranavmintri/mt_ws/src/aruco_interface/install/aruco_interface/local/lib/python3.10/dist-packages/aruco_interface/libaruco_interface__rosidl_generator_py.so
-- Symlinking: /home/pranavmintri/mt_ws/src/aruco_interface/install/aruco_interface/local/lib/python3.10/dist-packages/aruco_interface/msg/__init__.py
-- Symlinking: /home/pranavmintri/mt_ws/src/aruco_interface/install/aruco_interface/local/lib/python3.10/dist-packages/aruco_interface/msg/_bounding_box.py
-- Symlinking: /home/pranavmintri/mt_ws/src/aruco_interface/install/aruco_interface/local/lib/python3.10/dist-packages/aruco_interface/msg/_bounding_box_s.c
-- Symlinking: /home/pranavmintri/mt_ws/src/aruco_interface/install/aruco_interface/local/lib/python3.10/dist-packages/aruco_interface/srv/__init__.py
-- Symlinking: /home/pranavmintri/mt_ws/src/aruco_interface/install/aruco_interface/local/lib/python3.10/dist-packages/aruco_interface/srv/_send_image.py
-- Symlinking: /home/pranavmintri/mt_ws/src/aruco_interface/install/aruco_interface/local/lib/python3.10/dist-packages/aruco_interface/srv/_send_image_s.c
-- Up-to-date symlink: /home/pranavmintri/mt_ws/src/aruco_interface/install/aruco_interface/local/lib/python3.10/dist-packages/aruco_interface/aruco_interface_s__rosidl_typesupport_fastrtps_c.cpython-310-x86_64-linux-gnu.so
-- Up-to-date symlink: /home/pranavmintri/mt_ws/src/aruco_interface/install/aruco_interface/local/lib/python3.10/dist-packages/aruco_interface/aruco_interface_s__rosidl_typesupport_introspection_c.cpython-310-x86_64-linux-gnu.so
-- Up-to-date symlink: /home/pranavmintri/mt_ws/src/aruco_interface/install/aruco_interface/local/lib/python3.10/dist-packages/aruco_interface/aruco_interface_s__rosidl_typesupport_c.cpython-310-x86_64-linux-gnu.so
-- Symlinking: /home/pranavmintri/mt_ws/src/aruco_interface/install/aruco_interface/share/aruco_interface/msg/BoundingBox.idl
-- Symlinking: /home/pranavmintri/mt_ws/src/aruco_interface/install/aruco_interface/share/aruco_interface/srv/SendImage.idl
-- Symlinking: /home/pranavmintri/mt_ws/src/aruco_interface/install/aruco_interface/share/aruco_interface/msg/BoundingBox.msg
-- Symlinking: /home/pranavmintri/mt_ws/src/aruco_interface/install/aruco_interface/share/aruco_interface/srv/SendImage.srv
-- Symlinking: /home/pranavmintri/mt_ws/src/aruco_interface/install/aruco_interface/share/aruco_interface/srv/SendImage_Request.msg
-- Symlinking: /home/pranavmintri/mt_ws/src/aruco_interface/install/aruco_interface/share/aruco_interface/srv/SendImage_Response.msg
-- Symlinking: /home/pranavmintri/mt_ws/src/aruco_interface/install/aruco_interface/share/ament_index/resource_index/package_run_dependencies/aruco_interface
-- Symlinking: /home/pranavmintri/mt_ws/src/aruco_interface/install/aruco_interface/share/ament_index/resource_index/parent_prefix_path/aruco_interface
-- Symlinking: /home/pranavmintri/mt_ws/src/aruco_interface/install/aruco_interface/share/aruco_interface/environment/ament_prefix_path.sh
-- Symlinking: /home/pranavmintri/mt_ws/src/aruco_interface/install/aruco_interface/share/aruco_interface/environment/ament_prefix_path.dsv
-- Symlinking: /home/pranavmintri/mt_ws/src/aruco_interface/install/aruco_interface/share/aruco_interface/environment/path.sh
-- Symlinking: /home/pranavmintri/mt_ws/src/aruco_interface/install/aruco_interface/share/aruco_interface/environment/path.dsv
-- Symlinking: /home/pranavmintri/mt_ws/src/aruco_interface/install/aruco_interface/share/aruco_interface/local_setup.bash
-- Symlinking: /home/pranavmintri/mt_ws/src/aruco_interface/install/aruco_interface/share/aruco_interface/local_setup.sh
-- Symlinking: /home/pranavmintri/mt_ws/src/aruco_interface/install/aruco_interface/share/aruco_interface/local_setup.zsh
-- Symlinking: /home/pranavmintri/mt_ws/src/aruco_interface/install/aruco_interface/share/aruco_interface/local_setup.dsv
-- Symlinking: /home/pranavmintri/mt_ws/src/aruco_interface/install/aruco_interface/share/aruco_interface/package.dsv
-- Symlinking: /home/pranavmintri/mt_ws/src/aruco_interface/install/aruco_interface/share/ament_index/resource_index/packages/aruco_interface
-- Symlinking: /home/pranavmintri/mt_ws/src/aruco_interface/install/aruco_interface/share/aruco_interface/cmake/rosidl_cmake-extras.cmake
-- Symlinking: /home/pranavmintri/mt_ws/src/aruco_interface/install/aruco_interface/share/aruco_interface/cmake/ament_cmake_export_dependencies-extras.cmake
-- Symlinking: /home/pranavmintri/mt_ws/src/aruco_interface/install/aruco_interface/share/aruco_interface/cmake/ament_cmake_export_include_directories-extras.cmake
-- Symlinking: /home/pranavmintri/mt_ws/src/aruco_interface/install/aruco_interface/share/aruco_interface/cmake/ament_cmake_export_libraries-extras.cmake
-- Symlinking: /home/pranavmintri/mt_ws/src/aruco_interface/install/aruco_interface/share/aruco_interface/cmake/ament_cmake_export_targets-extras.cmake
-- Symlinking: /home/pranavmintri/mt_ws/src/aruco_interface/install/aruco_interface/share/aruco_interface/cmake/rosidl_cmake_export_typesupport_targets-extras.cmake
-- Symlinking: /home/pranavmintri/mt_ws/src/aruco_interface/install/aruco_interface/share/aruco_interface/cmake/rosidl_cmake_export_typesupport_libraries-extras.cmake
-- Symlinking: /home/pranavmintri/mt_ws/src/aruco_interface/install/aruco_interface/share/aruco_interface/cmake/aruco_interfaceConfig.cmake
-- Symlinking: /home/pranavmintri/mt_ws/src/aruco_interface/install/aruco_interface/share/aruco_interface/cmake/aruco_interfaceConfig-version.cmake
-- Symlinking: /home/pranavmintri/mt_ws/src/aruco_interface/install/aruco_interface/share/aruco_interface/package.xml
-- Installing: /home/pranavmintri/mt_ws/src/aruco_interface/install/aruco_interface/lib/libaruco_interface__rosidl_generator_c.so
-- Set runtime path of "/home/pranavmintri/mt_ws/src/aruco_interface/install/aruco_interface/lib/libaruco_interface__rosidl_generator_c.so" to ""
-- Installing: /home/pranavmintri/mt_ws/src/aruco_interface/install/aruco_interface/lib/libaruco_interface__rosidl_typesupport_fastrtps_c.so
-- Set runtime path of "/home/pranavmintri/mt_ws/src/aruco_interface/install/aruco_interface/lib/libaruco_interface__rosidl_typesupport_fastrtps_c.so" to ""
-- Installing: /home/pranavmintri/mt_ws/src/aruco_interface/install/aruco_interface/lib/libaruco_interface__rosidl_typesupport_introspection_c.so
-- Set runtime path of "/home/pranavmintri/mt_ws/src/aruco_interface/install/aruco_interface/lib/libaruco_interface__rosidl_typesupport_introspection_c.so" to ""
-- Installing: /home/pranavmintri/mt_ws/src/aruco_interface/install/aruco_interface/lib/libaruco_interface__rosidl_typesupport_c.so
-- Set runtime path of "/home/pranavmintri/mt_ws/src/aruco_interface/install/aruco_interface/lib/libaruco_interface__rosidl_typesupport_c.so" to ""
-- Installing: /home/pranavmintri/mt_ws/src/aruco_interface/install/aruco_interface/lib/libaruco_interface__rosidl_typesupport_fastrtps_cpp.so
-- Set runtime path of "/home/pranavmintri/mt_ws/src/aruco_interface/install/aruco_interface/lib/libaruco_interface__rosidl_typesupport_fastrtps_cpp.so" to ""
-- Installing: /home/pranavmintri/mt_ws/src/aruco_interface/install/aruco_interface/lib/libaruco_interface__rosidl_typesupport_introspection_cpp.so
-- Set runtime path of "/home/pranavmintri/mt_ws/src/aruco_interface/install/aruco_interface/lib/libaruco_interface__rosidl_typesupport_introspection_cpp.so" to ""
-- Installing: /home/pranavmintri/mt_ws/src/aruco_interface/install/aruco_interface/lib/libaruco_interface__rosidl_typesupport_cpp.so
-- Set runtime path of "/home/pranavmintri/mt_ws/src/aruco_interface/install/aruco_interface/lib/libaruco_interface__rosidl_typesupport_cpp.so" to ""
Listing '/home/pranavmintri/mt_ws/src/aruco_interface/install/aruco_interface/local/lib/python3.10/dist-packages/aruco_interface'...
Compiling '/home/pranavmintri/mt_ws/src/aruco_interface/install/aruco_interface/local/lib/python3.10/dist-packages/aruco_interface/__init__.py'...
Listing '/home/pranavmintri/mt_ws/src/aruco_interface/install/aruco_interface/local/lib/python3.10/dist-packages/aruco_interface/msg'...
Compiling '/home/pranavmintri/mt_ws/src/aruco_interface/install/aruco_interface/local/lib/python3.10/dist-packages/aruco_interface/msg/__init__.py'...
Compiling '/home/pranavmintri/mt_ws/src/aruco_interface/install/aruco_interface/local/lib/python3.10/dist-packages/aruco_interface/msg/_bounding_box.py'...
Listing '/home/pranavmintri/mt_ws/src/aruco_interface/install/aruco_interface/local/lib/python3.10/dist-packages/aruco_interface/srv'...
Compiling '/home/pranavmintri/mt_ws/src/aruco_interface/install/aruco_interface/local/lib/python3.10/dist-packages/aruco_interface/srv/__init__.py'...
Compiling '/home/pranavmintri/mt_ws/src/aruco_interface/install/aruco_interface/local/lib/python3.10/dist-packages/aruco_interface/srv/_send_image.py'...
-- Installing: /home/pranavmintri/mt_ws/src/aruco_interface/install/aruco_interface/lib/libaruco_interface__rosidl_generator_py.so
-- Set runtime path of "/home/pranavmintri/mt_ws/src/aruco_interface/install/aruco_interface/lib/libaruco_interface__rosidl_generator_py.so" to ""
-- Installing: /home/pranavmintri/mt_ws/src/aruco_interface/install/aruco_interface/share/aruco_interface/cmake/export_aruco_interface__rosidl_generator_cExport.cmake
-- Installing: /home/pranavmintri/mt_ws/src/aruco_interface/install/aruco_interface/share/aruco_interface/cmake/export_aruco_interface__rosidl_generator_cExport-noconfig.cmake
-- Installing: /home/pranavmintri/mt_ws/src/aruco_interface/install/aruco_interface/share/aruco_interface/cmake/export_aruco_interface__rosidl_typesupport_fastrtps_cExport.cmake
-- Installing: /home/pranavmintri/mt_ws/src/aruco_interface/install/aruco_interface/share/aruco_interface/cmake/export_aruco_interface__rosidl_typesupport_fastrtps_cExport-noconfig.cmake
-- Installing: /home/pranavmintri/mt_ws/src/aruco_interface/install/aruco_interface/share/aruco_interface/cmake/aruco_interface__rosidl_typesupport_introspection_cExport.cmake
-- Installing: /home/pranavmintri/mt_ws/src/aruco_interface/install/aruco_interface/share/aruco_interface/cmake/aruco_interface__rosidl_typesupport_introspection_cExport-noconfig.cmake
-- Installing: /home/pranavmintri/mt_ws/src/aruco_interface/install/aruco_interface/share/aruco_interface/cmake/aruco_interface__rosidl_typesupport_cExport.cmake
-- Installing: /home/pranavmintri/mt_ws/src/aruco_interface/install/aruco_interface/share/aruco_interface/cmake/aruco_interface__rosidl_typesupport_cExport-noconfig.cmake
-- Installing: /home/pranavmintri/mt_ws/src/aruco_interface/install/aruco_interface/share/aruco_interface/cmake/export_aruco_interface__rosidl_generator_cppExport.cmake
-- Installing: /home/pranavmintri/mt_ws/src/aruco_interface/install/aruco_interface/share/aruco_interface/cmake/export_aruco_interface__rosidl_typesupport_fastrtps_cppExport.cmake
-- Installing: /home/pranavmintri/mt_ws/src/aruco_interface/install/aruco_interface/share/aruco_interface/cmake/export_aruco_interface__rosidl_typesupport_fastrtps_cppExport-noconfig.cmake
-- Installing: /home/pranavmintri/mt_ws/src/aruco_interface/install/aruco_interface/share/aruco_interface/cmake/aruco_interface__rosidl_typesupport_introspection_cppExport.cmake
-- Installing: /home/pranavmintri/mt_ws/src/aruco_interface/install/aruco_interface/share/aruco_interface/cmake/aruco_interface__rosidl_typesupport_introspection_cppExport-noconfig.cmake
-- Installing: /home/pranavmintri/mt_ws/src/aruco_interface/install/aruco_interface/share/aruco_interface/cmake/aruco_interface__rosidl_typesupport_cppExport.cmake
-- Installing: /home/pranavmintri/mt_ws/src/aruco_interface/install/aruco_interface/share/aruco_interface/cmake/aruco_interface__rosidl_typesupport_cppExport-noconfig.cmake
-- Installing: /home/pranavmintri/mt_ws/src/aruco_interface/install/aruco_interface/share/aruco_interface/cmake/export_aruco_interface__rosidl_generator_pyExport.cmake
-- Installing: /home/pranavmintri/mt_ws/src/aruco_interface/install/aruco_interface/share/aruco_interface/cmake/export_aruco_interface__rosidl_generator_pyExport-noconfig.cmake
